Using pre-set license
Built from '2022.3/staging' branch; Version is '2022.3.10f1 (ff3792e53c62) revision 16725906'; Using compiler version '192829333'; Build Type 'Release'
OS: 'Windows 10  (10.0.19045) 64bit Professional' Language: 'en' Physical Memory: 16313 MB
BatchMode: 1, IsHumanControllingUs: 0, StartBugReporterOnCrash: 0, Is64bit: 1, IsPro: 1

COMMAND LINE ARGUMENTS:
C:\Program Files\Unity\Hub\Editor\2022.3.10f1\Editor\Unity.exe
-adb2
-batchMode
-noUpm
-name
AssetImportWorker0
-projectPath
C:/Users/Karolis/Documents/GitHub/BloodMoney/BloodMoney
-logFile
Logs/AssetImportWorker0.log
-srvPort
49359
Successfully changed project path to: C:/Users/Karolis/Documents/GitHub/BloodMoney/BloodMoney
C:/Users/Karolis/Documents/GitHub/BloodMoney/BloodMoney
[UnityMemory] Configuration Parameters - Can be set up in boot.config
    "memorysetup-bucket-allocator-granularity=16"
    "memorysetup-bucket-allocator-bucket-count=8"
    "memorysetup-bucket-allocator-block-size=33554432"
    "memorysetup-bucket-allocator-block-count=8"
    "memorysetup-main-allocator-block-size=16777216"
    "memorysetup-thread-allocator-block-size=16777216"
    "memorysetup-gfx-main-allocator-block-size=16777216"
    "memorysetup-gfx-thread-allocator-block-size=16777216"
    "memorysetup-cache-allocator-block-size=4194304"
    "memorysetup-typetree-allocator-block-size=2097152"
    "memorysetup-profiler-bucket-allocator-granularity=16"
    "memorysetup-profiler-bucket-allocator-bucket-count=8"
    "memorysetup-profiler-bucket-allocator-block-size=33554432"
    "memorysetup-profiler-bucket-allocator-block-count=8"
    "memorysetup-profiler-allocator-block-size=16777216"
    "memorysetup-profiler-editor-allocator-block-size=1048576"
    "memorysetup-temp-allocator-size-main=16777216"
    "memorysetup-job-temp-allocator-block-size=2097152"
    "memorysetup-job-temp-allocator-block-size-background=1048576"
    "memorysetup-job-temp-allocator-reduction-small-platforms=262144"
    "memorysetup-allocator-temp-initial-block-size-main=262144"
    "memorysetup-allocator-temp-initial-block-size-worker=262144"
    "memorysetup-temp-allocator-size-background-worker=32768"
    "memorysetup-temp-allocator-size-job-worker=262144"
    "memorysetup-temp-allocator-size-preload-manager=33554432"
    "memorysetup-temp-allocator-size-nav-mesh-worker=65536"
    "memorysetup-temp-allocator-size-audio-worker=65536"
    "memorysetup-temp-allocator-size-cloud-worker=32768"
    "memorysetup-temp-allocator-size-gi-baking-worker=262144"
    "memorysetup-temp-allocator-size-gfx=262144"
Player connection [3584] Host "[IP] 158.129.9.55 [Port] 0 [Flags] 2 [Guid] 2026894727 [EditorId] 2026894727 [Version] 1048832 [Id] WindowsEditor(7,DESKTOP-R8KA0VS) [Debug] 1 [PackageName] WindowsEditor [ProjectName] Editor" joined multi-casting on [225.0.0.222:54997]...

Player connection [3584] Host "[IP] 158.129.9.55 [Port] 0 [Flags] 2 [Guid] 2026894727 [EditorId] 2026894727 [Version] 1048832 [Id] WindowsEditor(7,DESKTOP-R8KA0VS) [Debug] 1 [PackageName] WindowsEditor [ProjectName] Editor" joined alternative multi-casting on [225.0.0.222:34997]...

[Physics::Module] Initialized MultithreadedJobDispatcher with 5 workers.
Refreshing native plugins compatible for Editor in 17.94 ms, found 4 plugins.
Preloading 0 native plugins for Editor in 0.00 ms.
Initialize engine version: 2022.3.10f1 (ff3792e53c62)
[Subsystems] Discovering subsystems at path C:/Program Files/Unity/Hub/Editor/2022.3.10f1/Editor/Data/Resources/UnitySubsystems
[Subsystems] Discovering subsystems at path C:/Users/Karolis/Documents/GitHub/BloodMoney/BloodMoney/Assets
GfxDevice: creating device client; threaded=0; jobified=0
Direct3D:
    Version:  Direct3D 11.0 [level 11.1]
    Renderer: NVIDIA GeForce RTX 2060 (ID=0x1f08)
    Vendor:   NVIDIA
    VRAM:     5954 MB
    Driver:   32.0.15.6094
Initialize mono
Mono path[0] = 'C:/Program Files/Unity/Hub/Editor/2022.3.10f1/Editor/Data/Managed'
Mono path[1] = 'C:/Program Files/Unity/Hub/Editor/2022.3.10f1/Editor/Data/MonoBleedingEdge/lib/mono/unityjit-win32'
Mono config path = 'C:/Program Files/Unity/Hub/Editor/2022.3.10f1/Editor/Data/MonoBleedingEdge/etc'
Using monoOptions --debugger-agent=transport=dt_socket,embedding=1,server=y,suspend=n,address=127.0.0.1:56236
Begin MonoManager ReloadAssembly
Registering precompiled unity dll's ...
Register platform support module: C:/Program Files/Unity/Hub/Editor/2022.3.10f1/Editor/Data/PlaybackEngines/WebGLSupport/UnityEditor.WebGL.Extensions.dll
Register platform support module: C:/Program Files/Unity/Hub/Editor/2022.3.10f1/Editor/Data/PlaybackEngines/WindowsStandaloneSupport/UnityEditor.WindowsStandalone.Extensions.dll
Registered in 0.012386 seconds.
- Loaded All Assemblies, in  0.399 seconds
Native extension for WindowsStandalone target not found
Native extension for WebGL target not found
Mono: successfully reloaded assembly
- Finished resetting the current domain, in  0.291 seconds
Domain Reload Profiling: 689ms
	BeginReloadAssembly (124ms)
		ExecutionOrderSort (0ms)
		DisableScriptedObjects (0ms)
		BackupInstance (0ms)
		ReleaseScriptingObjects (0ms)
		CreateAndSetChildDomain (1ms)
	RebuildCommonClasses (37ms)
	RebuildNativeTypeToScriptingClass (13ms)
	initialDomainReloadingComplete (67ms)
	LoadAllAssembliesAndSetupDomain (156ms)
		LoadAssemblies (122ms)
		RebuildTransferFunctionScriptingTraits (0ms)
		AnalyzeDomain (154ms)
			TypeCache.Refresh (153ms)
				TypeCache.ScanAssembly (139ms)
			ScanForSourceGeneratedMonoScriptInfo (0ms)
			ResolveRequiredComponents (0ms)
	FinalizeReload (292ms)
		ReleaseScriptCaches (0ms)
		RebuildScriptCaches (0ms)
		SetupLoadedEditorAssemblies (226ms)
			LogAssemblyErrors (0ms)
			InitializePlatformSupportModulesInManaged (12ms)
			SetLoadedEditorAssemblies (5ms)
			RefreshPlugins (0ms)
			BeforeProcessingInitializeOnLoad (2ms)
			ProcessInitializeOnLoadAttributes (143ms)
			ProcessInitializeOnLoadMethodAttributes (63ms)
			AfterProcessingInitializeOnLoad (0ms)
			EditorAssembliesLoaded (0ms)
		ExecutionOrderSort2 (0ms)
		AwakeInstancesAfterBackupRestoration (0ms)
========================================================================
Worker process is ready to serve import requests
Begin MonoManager ReloadAssembly
- Loaded All Assemblies, in  0.845 seconds
Refreshing native plugins compatible for Editor in 8.66 ms, found 4 plugins.
Native extension for WindowsStandalone target not found
Native extension for WebGL target not found
Package Manager log level set to [2]
[Package Manager] Server::EnsureServerProcessIsRunning -- launch failed, reason: Unity was launched with the -noUpm command-line argument
[Package Manager] UpmClient::Send -- Unable to send message (not connected to UPM process).
[Package Manager] Cannot connect to Unity Package Manager local server
Mono: successfully reloaded assembly
[Package Manager] Server::EnsureServerProcessIsRunning -- launch failed, reason: Unity was launched with the -noUpm command-line argument
[Package Manager] UpmClient::Send -- Unable to send message (not connected to UPM process).
[Package Manager] Cannot connect to Unity Package Manager local server
[Package Manager] Server::EnsureServerProcessIsRunning -- launch failed, reason: Unity was launched with the -noUpm command-line argument
[Package Manager] UpmClient::Send -- Unable to send message (not connected to UPM process).
[Package Manager] Cannot connect to Unity Package Manager local server
- Finished resetting the current domain, in  0.906 seconds
Domain Reload Profiling: 1746ms
	BeginReloadAssembly (161ms)
		ExecutionOrderSort (0ms)
		DisableScriptedObjects (6ms)
		BackupInstance (0ms)
		ReleaseScriptingObjects (0ms)
		CreateAndSetChildDomain (22ms)
	RebuildCommonClasses (39ms)
	RebuildNativeTypeToScriptingClass (12ms)
	initialDomainReloadingComplete (45ms)
	LoadAllAssembliesAndSetupDomain (582ms)
		LoadAssemblies (413ms)
		RebuildTransferFunctionScriptingTraits (0ms)
		AnalyzeDomain (263ms)
			TypeCache.Refresh (213ms)
				TypeCache.ScanAssembly (194ms)
			ScanForSourceGeneratedMonoScriptInfo (36ms)
			ResolveRequiredComponents (13ms)
	FinalizeReload (907ms)
		ReleaseScriptCaches (0ms)
		RebuildScriptCaches (0ms)
		SetupLoadedEditorAssemblies (698ms)
			LogAssemblyErrors (0ms)
			InitializePlatformSupportModulesInManaged (9ms)
			SetLoadedEditorAssemblies (6ms)
			RefreshPlugins (0ms)
			BeforeProcessingInitializeOnLoad (116ms)
			ProcessInitializeOnLoadAttributes (467ms)
			ProcessInitializeOnLoadMethodAttributes (91ms)
			AfterProcessingInitializeOnLoad (9ms)
			EditorAssembliesLoaded (0ms)
		ExecutionOrderSort2 (0ms)
		AwakeInstancesAfterBackupRestoration (8ms)
Launched and connected shader compiler UnityShaderCompiler.exe after 0.06 seconds
Refreshing native plugins compatible for Editor in 9.07 ms, found 4 plugins.
Preloading 0 native plugins for Editor in 0.00 ms.
Unloading 6192 Unused Serialized files (Serialized files now loaded: 0)
Unloading 111 unused Assets / (400.8 KB). Loaded Objects now: 6642.
Memory consumption went from 228.6 MB to 228.3 MB.
Total: 4.333900 ms (FindLiveObjects: 0.467400 ms CreateObjectMapping: 0.570500 ms MarkObjects: 3.112700 ms  DeleteObjects: 0.182300 ms)

AssetImportParameters requested are different than current active one (requested -> active):
  custom:container-demuxer-ogg: 62fdf1f143b41e24485cea50d1cbac27 -> 
  custom:video-decoder-ogg-theora: a1e56fd34408186e4bbccfd4996cb3dc -> 
  custom:framework-win-MediaFoundation: 216162199b28c13a410421893ffa2e32 -> 
  custom:container-demuxer-webm: 4f35f7cbe854078d1ac9338744f61a02 -> 
  custom:container-muxer-webm: aa71ff27fc2769a1b78a27578f13a17b -> 
  custom:video-decoder-webm-vp8: 9c59270c3fd7afecdb556c50c9e8de78 -> 
  custom:AudioImporter_EditorPlatform: d09bf68614088b80899f8185d706f6e7 -> 
  custom:video-encoder-webm-vp8: eb34c28f22e8b96e1ab97ce403110664 -> 
  custom:audio-decoder-ogg-vorbis: bf7c407c2cedff20999df2af8eb42d56 -> 
  custom:audio-encoder-webm-vorbis: bf7c407c2cedff20999df2af8eb42d56 -> 
========================================================================
Received Import Request.
  Time since last request: 128986.172664 seconds.
  path: Assets/Assets/Prefabs/2D/Weaponry/Bullet.prefab
  artifactKey: Guid(8a3067702bbf19840b68d7f62021c9d0) Importer(815301076,1909f56bfc062723c751e8b465ee728b)
Start importing Assets/Assets/Prefabs/2D/Weaponry/Bullet.prefab using Guid(8a3067702bbf19840b68d7f62021c9d0) Importer(815301076,1909f56bfc062723c751e8b465ee728b)  -> (artifact id: 'd3918c1fe8380a0428c52f10102da8df') in 0.280515 seconds
Number of updated asset objects reloaded before import = 0
Number of asset objects unloaded after import = 15
========================================================================
Received Import Request.
  Time since last request: 0.000036 seconds.
  path: Assets/Assets/Prefabs/2D/Weaponry/Grenade2D.prefab
  artifactKey: Guid(56b8ee482ce584348aabd99317e93897) Importer(815301076,1909f56bfc062723c751e8b465ee728b)
Start importing Assets/Assets/Prefabs/2D/Weaponry/Grenade2D.prefab using Guid(56b8ee482ce584348aabd99317e93897) Importer(815301076,1909f56bfc062723c751e8b465ee728b)  -> (artifact id: '512505881993683c7ae98f31817f14b8') in 0.014505 seconds
Number of updated asset objects reloaded before import = 0
Number of asset objects unloaded after import = 17
========================================================================
Received Import Request.
  Time since last request: 9.433270 seconds.
  path: Assets/Assets/ButtonBackground.png
  artifactKey: Guid(d5a5d9a380ab23e4ebea89e10b848177) Importer(815301076,1909f56bfc062723c751e8b465ee728b)
Start importing Assets/Assets/ButtonBackground.png using Guid(d5a5d9a380ab23e4ebea89e10b848177) Importer(815301076,1909f56bfc062723c751e8b465ee728b)  -> (artifact id: '85532f141e3310d0bde14cfbf9db45de') in 0.073388 seconds
Number of updated asset objects reloaded before import = 0
Number of asset objects unloaded after import = 3
========================================================================
Received Import Request.
  Time since last request: 0.000030 seconds.
  path: Assets/Assets/PauseMeniuBG.png
  artifactKey: Guid(4ca59c3c88a0a2f4fafb7b24d425d66a) Importer(815301076,1909f56bfc062723c751e8b465ee728b)
Start importing Assets/Assets/PauseMeniuBG.png using Guid(4ca59c3c88a0a2f4fafb7b24d425d66a) Importer(815301076,1909f56bfc062723c751e8b465ee728b)  -> (artifact id: '3fc4d06c32cec470e9a8dd31d218642a') in 0.036228 seconds
Number of updated asset objects reloaded before import = 0
Number of asset objects unloaded after import = 3
========================================================================
Received Import Request.
  Time since last request: 0.000022 seconds.
  path: Assets/Assets/menuBG.png
  artifactKey: Guid(7166e3c11ce8b884ba98fd3da4538d73) Importer(815301076,1909f56bfc062723c751e8b465ee728b)
Start importing Assets/Assets/menuBG.png using Guid(7166e3c11ce8b884ba98fd3da4538d73) Importer(815301076,1909f56bfc062723c751e8b465ee728b)  -> (artifact id: '2b5f4f3ea6a124afc0878d729766246c') in 0.030650 seconds
Number of updated asset objects reloaded before import = 0
Number of asset objects unloaded after import = 3
========================================================================
Received Import Request.
  Time since last request: 0.460265 seconds.
  path: Assets/2DURPAsset.asset
  artifactKey: Guid(92faf2963552ac4449e207cbeb686505) Importer(815301076,1909f56bfc062723c751e8b465ee728b)
Start importing Assets/2DURPAsset.asset using Guid(92faf2963552ac4449e207cbeb686505) Importer(815301076,1909f56bfc062723c751e8b465ee728b)  -> (artifact id: '105b5bd66d774ad3c565af4121f85c52') in 0.000874 seconds
Number of updated asset objects reloaded before import = 0
Number of asset objects unloaded after import = 0
========================================================================
Received Import Request.
  Time since last request: 0.000143 seconds.
  path: Assets/2DURPAsset_Renderer.asset
  artifactKey: Guid(64729e99afe91ec48840f9e7b41b983e) Importer(815301076,1909f56bfc062723c751e8b465ee728b)
Start importing Assets/2DURPAsset_Renderer.asset using Guid(64729e99afe91ec48840f9e7b41b983e) Importer(815301076,1909f56bfc062723c751e8b465ee728b)  -> (artifact id: 'c1aa4b8a82be07e73ce8930f6c05f560') in 0.000751 seconds
Number of updated asset objects reloaded before import = 0
Number of asset objects unloaded after import = 0
========================================================================
Received Import Request.
  Time since last request: 0.000126 seconds.
  path: Assets/UniversalRenderPipelineGlobalSettings.asset
  artifactKey: Guid(c491315eaed8fb24e8edbe2b94ecb4fd) Importer(815301076,1909f56bfc062723c751e8b465ee728b)
Start importing Assets/UniversalRenderPipelineGlobalSettings.asset using Guid(c491315eaed8fb24e8edbe2b94ecb4fd) Importer(815301076,1909f56bfc062723c751e8b465ee728b)  -> (artifact id: '7a3afeed8091ae75fe53c9b250e9b333') in 0.001147 seconds
Number of updated asset objects reloaded before import = 0
Number of asset objects unloaded after import = 1
========================================================================
Received Import Request.
  Time since last request: 2.673693 seconds.
  path: Assets/Assets
  artifactKey: Guid(cecff59b3a81fc743a4b72a71682b8f4) Importer(815301076,1909f56bfc062723c751e8b465ee728b)
Start importing Assets/Assets using Guid(cecff59b3a81fc743a4b72a71682b8f4) Importer(815301076,1909f56bfc062723c751e8b465ee728b)  -> (artifact id: 'e2f47bf88bf81423ceb5bcea1edbe848') in 0.000461 seconds
Number of updated asset objects reloaded before import = 0
Number of asset objects unloaded after import = 0
========================================================================
Received Import Request.
  Time since last request: 2.057839 seconds.
  path: Assets/Assets/Sprites
  artifactKey: Guid(59177cab530dfbb4b9c502305de238b0) Importer(815301076,1909f56bfc062723c751e8b465ee728b)
Start importing Assets/Assets/Sprites using Guid(59177cab530dfbb4b9c502305de238b0) Importer(815301076,1909f56bfc062723c751e8b465ee728b)  -> (artifact id: 'c25720ccbff43ee1cfbf400457415de7') in 0.000464 seconds
Number of updated asset objects reloaded before import = 0
Number of asset objects unloaded after import = 0
========================================================================
Received Import Request.
  Time since last request: 0.047603 seconds.
  path: Assets/Assets/Sprites/Bullet.png
  artifactKey: Guid(1cf9487479f93a6428bfd6317b174480) Importer(815301076,1909f56bfc062723c751e8b465ee728b)
Start importing Assets/Assets/Sprites/Bullet.png using Guid(1cf9487479f93a6428bfd6317b174480) Importer(815301076,1909f56bfc062723c751e8b465ee728b)  -> (artifact id: '4c555d905366edc42535c6d24b91ae21') in 0.038255 seconds
Number of updated asset objects reloaded before import = 0
Number of asset objects unloaded after import = 3
========================================================================
Received Import Request.
  Time since last request: 0.000021 seconds.
  path: Assets/Assets/Sprites/PlayerModel.png
  artifactKey: Guid(31af471fe24604e42b04a89bdeb6bca2) Importer(815301076,1909f56bfc062723c751e8b465ee728b)
Start importing Assets/Assets/Sprites/PlayerModel.png using Guid(31af471fe24604e42b04a89bdeb6bca2) Importer(815301076,1909f56bfc062723c751e8b465ee728b)  -> (artifact id: '940351511a22291b96f74fbe2eb7ba66') in 0.054564 seconds
Number of updated asset objects reloaded before import = 0
Number of asset objects unloaded after import = 3
========================================================================
Received Import Request.
  Time since last request: 0.000039 seconds.
  path: Assets/Assets/Sprites/RegularZombie.png
  artifactKey: Guid(8a3b71109122da046b34104c8792c28a) Importer(815301076,1909f56bfc062723c751e8b465ee728b)
Start importing Assets/Assets/Sprites/RegularZombie.png using Guid(8a3b71109122da046b34104c8792c28a) Importer(815301076,1909f56bfc062723c751e8b465ee728b)  -> (artifact id: '8672a8609a2d50bcd28a9aef0e0be383') in 0.035458 seconds
Number of updated asset objects reloaded before import = 0
Number of asset objects unloaded after import = 3
========================================================================
Received Import Request.
  Time since last request: 0.000017 seconds.
  path: Assets/Assets/Sprites/FastZombie.png
  artifactKey: Guid(17a59ae8f8308db45b093d9333cb28e5) Importer(815301076,1909f56bfc062723c751e8b465ee728b)
Start importing Assets/Assets/Sprites/FastZombie.png using Guid(17a59ae8f8308db45b093d9333cb28e5) Importer(815301076,1909f56bfc062723c751e8b465ee728b)  -> (artifact id: 'b29198a5b4b2eacc7038e5cbe87b50b2') in 0.041242 seconds
Number of updated asset objects reloaded before import = 0
Number of asset objects unloaded after import = 3
========================================================================
Received Import Request.
  Time since last request: 0.000022 seconds.
  path: Assets/Assets/Sprites/TankZombie.png
  artifactKey: Guid(17d34fe8daf849649bd56080301a9ec2) Importer(815301076,1909f56bfc062723c751e8b465ee728b)
Start importing Assets/Assets/Sprites/TankZombie.png using Guid(17d34fe8daf849649bd56080301a9ec2) Importer(815301076,1909f56bfc062723c751e8b465ee728b)  -> (artifact id: '59ed9283abe22905c1c5d8d302bc4ede') in 0.035236 seconds
Number of updated asset objects reloaded before import = 0
Number of asset objects unloaded after import = 3
========================================================================
Received Import Request.
  Time since last request: 0.390921 seconds.
  path: Assets/Assets/Sprites/UI
  artifactKey: Guid(56ed1c1e02de757459224a655d87b0a1) Importer(815301076,1909f56bfc062723c751e8b465ee728b)
Start importing Assets/Assets/Sprites/UI using Guid(56ed1c1e02de757459224a655d87b0a1) Importer(815301076,1909f56bfc062723c751e8b465ee728b)  -> (artifact id: '127068b670e06c0d0686b0523614a6ea') in 0.000590 seconds
Number of updated asset objects reloaded before import = 0
Number of asset objects unloaded after import = 0
========================================================================
Received Import Request.
  Time since last request: 0.040000 seconds.
  path: Assets/Assets/Sprites/UI/ButtonBackground.png
  artifactKey: Guid(36bbb2c52cba1974b926f52d1aee8b07) Importer(815301076,1909f56bfc062723c751e8b465ee728b)
Start importing Assets/Assets/Sprites/UI/ButtonBackground.png using Guid(36bbb2c52cba1974b926f52d1aee8b07) Importer(815301076,1909f56bfc062723c751e8b465ee728b)  -> (artifact id: '26df53039f214d659d0e6fb0a4697787') in 0.022018 seconds
Number of updated asset objects reloaded before import = 0
Number of asset objects unloaded after import = 3
========================================================================
Received Import Request.
  Time since last request: 0.000077 seconds.
  path: Assets/Assets/Sprites/UI/TopBarBackground.png
  artifactKey: Guid(2d4ac99e155841f4d888372e3be7e3ae) Importer(815301076,1909f56bfc062723c751e8b465ee728b)
Start importing Assets/Assets/Sprites/UI/TopBarBackground.png using Guid(2d4ac99e155841f4d888372e3be7e3ae) Importer(815301076,1909f56bfc062723c751e8b465ee728b)  -> (artifact id: 'aa02dd3ca6aa0852879ebf8a164accea') in 0.034932 seconds
Number of updated asset objects reloaded before import = 0
Number of asset objects unloaded after import = 3
========================================================================
Received Import Request.
  Time since last request: 0.000017 seconds.
  path: Assets/Assets/Sprites/UI/OptionsScreen.png
  artifactKey: Guid(ba593b3c6f1c8ef418938a7620382419) Importer(815301076,1909f56bfc062723c751e8b465ee728b)
Start importing Assets/Assets/Sprites/UI/OptionsScreen.png using Guid(ba593b3c6f1c8ef418938a7620382419) Importer(815301076,1909f56bfc062723c751e8b465ee728b)  -> (artifact id: '78845679ba8cf587e8014b9bdf51a35d') in 0.037129 seconds
Number of updated asset objects reloaded before import = 0
Number of asset objects unloaded after import = 3
========================================================================
Received Import Request.
  Time since last request: 0.000017 seconds.
  path: Assets/Assets/Sprites/UI/ShopBackground.png
  artifactKey: Guid(ad22c72610f551f48a68a861216af256) Importer(815301076,1909f56bfc062723c751e8b465ee728b)
Start importing Assets/Assets/Sprites/UI/ShopBackground.png using Guid(ad22c72610f551f48a68a861216af256) Importer(815301076,1909f56bfc062723c751e8b465ee728b)  -> (artifact id: '6593ca1d608d2e709ad6a4bfee3fa097') in 0.026939 seconds
Number of updated asset objects reloaded before import = 0
Number of asset objects unloaded after import = 3
========================================================================
Received Import Request.
  Time since last request: 0.000017 seconds.
  path: Assets/Assets/Sprites/UI/ButtonLeftBackground.png
  artifactKey: Guid(d0c0e5892928ac84d8da8573b62fce2d) Importer(815301076,1909f56bfc062723c751e8b465ee728b)
Start importing Assets/Assets/Sprites/UI/ButtonLeftBackground.png using Guid(d0c0e5892928ac84d8da8573b62fce2d) Importer(815301076,1909f56bfc062723c751e8b465ee728b)  -> (artifact id: 'b3f0074a56b2b85eb20accc9fce3ee95') in 0.023065 seconds
Number of updated asset objects reloaded before import = 0
Number of asset objects unloaded after import = 3
========================================================================
Received Import Request.
  Time since last request: 0.000020 seconds.
  path: Assets/Assets/Sprites/UI/ButtonBackground 1.png
  artifactKey: Guid(4cfd3fcf532300548956b517646a3675) Importer(815301076,1909f56bfc062723c751e8b465ee728b)
Start importing Assets/Assets/Sprites/UI/ButtonBackground 1.png using Guid(4cfd3fcf532300548956b517646a3675) Importer(815301076,1909f56bfc062723c751e8b465ee728b)  -> (artifact id: '6dd0209db82224b591c2912dbb009583') in 0.022251 seconds
Number of updated asset objects reloaded before import = 0
Number of asset objects unloaded after import = 3
========================================================================
Received Import Request.
  Time since last request: 0.000026 seconds.
  path: Assets/Assets/Sprites/UI/MenuBG.png
  artifactKey: Guid(dab43c6668c0a4d45b0716a987e5a45f) Importer(815301076,1909f56bfc062723c751e8b465ee728b)
Start importing Assets/Assets/Sprites/UI/MenuBG.png using Guid(dab43c6668c0a4d45b0716a987e5a45f) Importer(815301076,1909f56bfc062723c751e8b465ee728b)  -> (artifact id: 'ae84b2a3e5fca197a2e57a38e1e1bfb5') in 0.026165 seconds
Number of updated asset objects reloaded before import = 0
Number of asset objects unloaded after import = 3
========================================================================
Received Import Request.
  Time since last request: 0.000027 seconds.
  path: Assets/Assets/Sprites/UI/WeaponRoomBG.png
  artifactKey: Guid(b938723d703938145aeaaf3d911225d7) Importer(815301076,1909f56bfc062723c751e8b465ee728b)
Start importing Assets/Assets/Sprites/UI/WeaponRoomBG.png using Guid(b938723d703938145aeaaf3d911225d7) Importer(815301076,1909f56bfc062723c751e8b465ee728b)  -> (artifact id: 'fbc15de7d6def27ed2e5262e4bfa6458') in 0.025719 seconds
Number of updated asset objects reloaded before import = 0
Number of asset objects unloaded after import = 3
========================================================================
Received Import Request.
  Time since last request: 0.000024 seconds.
  path: Assets/Assets/Sprites/UI/NukeBackground.png
  artifactKey: Guid(04f12e026d23f7f4cb1b87f0ca0de533) Importer(815301076,1909f56bfc062723c751e8b465ee728b)
Start importing Assets/Assets/Sprites/UI/NukeBackground.png using Guid(04f12e026d23f7f4cb1b87f0ca0de533) Importer(815301076,1909f56bfc062723c751e8b465ee728b)  -> (artifact id: '8200ba729573a300e0f605c07ba10127') in 0.027308 seconds
Number of updated asset objects reloaded before import = 0
Number of asset objects unloaded after import = 3
========================================================================
Received Import Request.
  Time since last request: 0.000018 seconds.
  path: Assets/Assets/Sprites/UI/ButtonRightBackground.png
  artifactKey: Guid(606defeb860bf694389361fe539117d7) Importer(815301076,1909f56bfc062723c751e8b465ee728b)
Start importing Assets/Assets/Sprites/UI/ButtonRightBackground.png using Guid(606defeb860bf694389361fe539117d7) Importer(815301076,1909f56bfc062723c751e8b465ee728b)  -> (artifact id: '9e7ad3ee0947ba3f58b1a9833ee7060a') in 0.021066 seconds
Number of updated asset objects reloaded before import = 0
Number of asset objects unloaded after import = 3
========================================================================
Received Import Request.
  Time since last request: 0.000024 seconds.
  path: Assets/Assets/Sprites/UI/ItemBorder.png
  artifactKey: Guid(265f6a655b2e5bb4ebb06259a0d13de8) Importer(815301076,1909f56bfc062723c751e8b465ee728b)
Start importing Assets/Assets/Sprites/UI/ItemBorder.png using Guid(265f6a655b2e5bb4ebb06259a0d13de8) Importer(815301076,1909f56bfc062723c751e8b465ee728b)  -> (artifact id: '6f0f4b3110464aca9b465745910e4af1') in 0.025118 seconds
Number of updated asset objects reloaded before import = 0
Number of asset objects unloaded after import = 3
========================================================================
Received Prepare
Refreshing native plugins compatible for Editor in 8.93 ms, found 4 plugins.
Preloading 0 native plugins for Editor in 0.00 ms.
Unloading 3 Unused Serialized files (Serialized files now loaded: 0)
Unloading 3 unused Assets / (364.1 KB). Loaded Objects now: 6746.
Memory consumption went from 110.5 MB to 110.1 MB.
Total: 4.671400 ms (FindLiveObjects: 0.464200 ms CreateObjectMapping: 0.497200 ms MarkObjects: 3.640900 ms  DeleteObjects: 0.068300 ms)

Prepare: number of updated asset objects reloaded= 0
AssetImportParameters requested are different than current active one (requested -> active):
  custom:container-demuxer-ogg: 62fdf1f143b41e24485cea50d1cbac27 -> 
  custom:video-decoder-ogg-theora: a1e56fd34408186e4bbccfd4996cb3dc -> 
  custom:framework-win-MediaFoundation: 216162199b28c13a410421893ffa2e32 -> 
  custom:CustomObjectIndexerAttribute: a3ef5dd2817f97addfee359851a9dba5 -> 
  custom:container-demuxer-webm: 4f35f7cbe854078d1ac9338744f61a02 -> 
  custom:container-muxer-webm: aa71ff27fc2769a1b78a27578f13a17b -> 
  custom:video-decoder-webm-vp8: 9c59270c3fd7afecdb556c50c9e8de78 -> 
  custom:SearchIndexIgnoredProperties: e643bd26f0fe6173181afceb89e7c659 -> 
  custom:AudioImporter_EditorPlatform: d09bf68614088b80899f8185d706f6e7 -> 
  custom:video-encoder-webm-vp8: eb34c28f22e8b96e1ab97ce403110664 -> 
  custom:audio-decoder-ogg-vorbis: bf7c407c2cedff20999df2af8eb42d56 -> 
  custom:audio-encoder-webm-vorbis: bf7c407c2cedff20999df2af8eb42d56 -> 
========================================================================
Received Import Request.
  Time since last request: 15.276626 seconds.
  path: Assets/Assets/Sprites/UI/NukeBackground.png
  artifactKey: Guid(04f12e026d23f7f4cb1b87f0ca0de533) Importer(815301076,1909f56bfc062723c751e8b465ee728b)
Start importing Assets/Assets/Sprites/UI/NukeBackground.png using Guid(04f12e026d23f7f4cb1b87f0ca0de533) Importer(815301076,1909f56bfc062723c751e8b465ee728b)  -> (artifact id: '5ff0e7d9640ef210ea3b86e5b827bb3d') in 0.046734 seconds
Number of updated asset objects reloaded before import = 0
Number of asset objects unloaded after import = 3
========================================================================
Received Import Request.
  Time since last request: 6.308738 seconds.
  path: Assets/Scenes
  artifactKey: Guid(ec55964d8a1cd36458405aa34636f028) Importer(815301076,1909f56bfc062723c751e8b465ee728b)
Start importing Assets/Scenes using Guid(ec55964d8a1cd36458405aa34636f028) Importer(815301076,1909f56bfc062723c751e8b465ee728b)  -> (artifact id: '2f9dae5debddf97a39e65d1a2e89e55e') in 0.000661 seconds
Number of updated asset objects reloaded before import = 0
Number of asset objects unloaded after import = 0
========================================================================
Received Import Request.
  Time since last request: 0.880898 seconds.
  path: Assets/Scenes/MainMenu.unity
  artifactKey: Guid(fd7bf8163bd78984fa6d51e604e73c8a) Importer(815301076,1909f56bfc062723c751e8b465ee728b)
Start importing Assets/Scenes/MainMenu.unity using Guid(fd7bf8163bd78984fa6d51e604e73c8a) Importer(815301076,1909f56bfc062723c751e8b465ee728b)  -> (artifact id: '6b211dd9a8ad28a7e2325fae37863269') in 0.000506 seconds
Number of updated asset objects reloaded before import = 0
Number of asset objects unloaded after import = 0
========================================================================
Received Prepare
Begin MonoManager ReloadAssembly
- Loaded All Assemblies, in  0.532 seconds
Refreshing native plugins compatible for Editor in 7.96 ms, found 4 plugins.
Native extension for WindowsStandalone target not found
Native extension for WebGL target not found
[Package Manager] Server::EnsureServerProcessIsRunning -- launch failed, reason: Unity was launched with the -noUpm command-line argument
[Package Manager] UpmClient::Send -- Unable to send message (not connected to UPM process).
[Package Manager] Cannot connect to Unity Package Manager local server
Mono: successfully reloaded assembly
[Package Manager] Server::EnsureServerProcessIsRunning -- launch failed, reason: Unity was launched with the -noUpm command-line argument
[Package Manager] UpmClient::Send -- Unable to send message (not connected to UPM process).
[Package Manager] Cannot connect to Unity Package Manager local server
- Finished resetting the current domain, in  1.545 seconds
Domain Reload Profiling: 2071ms
	BeginReloadAssembly (179ms)
		ExecutionOrderSort (0ms)
		DisableScriptedObjects (16ms)
		BackupInstance (0ms)
		ReleaseScriptingObjects (0ms)
		CreateAndSetChildDomain (44ms)
	RebuildCommonClasses (33ms)
	RebuildNativeTypeToScriptingClass (12ms)
	initialDomainReloadingComplete (31ms)
	LoadAllAssembliesAndSetupDomain (270ms)
		LoadAssemblies (333ms)
		RebuildTransferFunctionScriptingTraits (0ms)
		AnalyzeDomain (20ms)
			TypeCache.Refresh (6ms)
				TypeCache.ScanAssembly (0ms)
			ScanForSourceGeneratedMonoScriptInfo (0ms)
			ResolveRequiredComponents (13ms)
	FinalizeReload (1545ms)
		ReleaseScriptCaches (0ms)
		RebuildScriptCaches (0ms)
		SetupLoadedEditorAssemblies (667ms)
			LogAssemblyErrors (0ms)
			InitializePlatformSupportModulesInManaged (10ms)
			SetLoadedEditorAssemblies (6ms)
			RefreshPlugins (0ms)
			BeforeProcessingInitializeOnLoad (117ms)
			ProcessInitializeOnLoadAttributes (448ms)
			ProcessInitializeOnLoadMethodAttributes (78ms)
			AfterProcessingInitializeOnLoad (9ms)
			EditorAssembliesLoaded (0ms)
		ExecutionOrderSort2 (0ms)
		AwakeInstancesAfterBackupRestoration (20ms)
Refreshing native plugins compatible for Editor in 9.13 ms, found 4 plugins.
Preloading 0 native plugins for Editor in 0.00 ms.
Unloading 6025 Unused Serialized files (Serialized files now loaded: 0)
Unloading 63 unused Assets / (399.1 KB). Loaded Objects now: 6723.
Memory consumption went from 203.2 MB to 202.8 MB.
Total: 4.214000 ms (FindLiveObjects: 0.491200 ms CreateObjectMapping: 0.477700 ms MarkObjects: 3.099900 ms  DeleteObjects: 0.144300 ms)

Prepare: number of updated asset objects reloaded= 0
AssetImportParameters requested are different than current active one (requested -> active):
  custom:container-demuxer-ogg: 62fdf1f143b41e24485cea50d1cbac27 -> 
  custom:video-decoder-ogg-theora: a1e56fd34408186e4bbccfd4996cb3dc -> 
  custom:framework-win-MediaFoundation: 216162199b28c13a410421893ffa2e32 -> 
  custom:CustomObjectIndexerAttribute: a3ef5dd2817f97addfee359851a9dba5 -> 
  custom:container-demuxer-webm: 4f35f7cbe854078d1ac9338744f61a02 -> 
  custom:container-muxer-webm: aa71ff27fc2769a1b78a27578f13a17b -> 
  custom:video-decoder-webm-vp8: 9c59270c3fd7afecdb556c50c9e8de78 -> 
  custom:SearchIndexIgnoredProperties: e643bd26f0fe6173181afceb89e7c659 -> 
  custom:AudioImporter_EditorPlatform: d09bf68614088b80899f8185d706f6e7 -> 
  custom:video-encoder-webm-vp8: eb34c28f22e8b96e1ab97ce403110664 -> 
  custom:audio-decoder-ogg-vorbis: bf7c407c2cedff20999df2af8eb42d56 -> 
  custom:audio-encoder-webm-vorbis: bf7c407c2cedff20999df2af8eb42d56 -> 
